building client...
vite v5.4.21 building for production...
transforming...
client/src/components/ui/tooltip.tsx (1:0): Error when using sourcemap for reporting an error: Can't resolve original location of error.
client/src/components/ui/tooltip.tsx (1:0): Module level directives cause errors when bundled, "use client" in "client/src/components/ui/tooltip.tsx" was ignored.
node_modules/@tanstack/react-query/build/modern/useQuery.js (1:0): Module level directives cause errors when bundled, "use client" in "node_modules/@tanstack/react-query/build/modern/useQuery.js" was ignored.
node_modules/@tanstack/react-query/build/modern/useQueries.js (1:0): Module level directives cause errors when bundled, "use client" in "node_modules/@tanstack/react-query/build/modern/useQueries.js" was ignored.
node_modules/@tanstack/react-query/build/modern/HydrationBoundary.js (1:0): Module level directives cause errors when bundled, "use client" in "node_modules/@tanstack/react-query/build/modern/HydrationBoundary.js" was ignored.
node_modules/@tanstack/react-query/build/modern/QueryClientProvider.js (1:0): Module level directives cause errors when bundled, "use client" in "node_modules/@tanstack/react-query/build/modern/QueryClientProvider.js" was ignored.
node_modules/@tanstack/react-query/build/modern/QueryErrorResetBoundary.js (1:0): Module level directives cause errors when bundled, "use client" in "node_modules/@tanstack/react-query/build/modern/QueryErrorResetBoundary.js" was ignored.
node_modules/@tanstack/react-query/build/modern/useIsFetching.js (1:0): Module level directives cause errors when bundled, "use client" in "node_modules/@tanstack/react-query/build/modern/useIsFetching.js" was ignored.
node_modules/@tanstack/react-query/build/modern/useMutationState.js (1:0): Module level directives cause errors when bundled, "use client" in "node_modules/@tanstack/react-query/build/modern/useMutationState.js" was ignored.
node_modules/@tanstack/react-query/build/modern/useMutation.js (1:0): Module level directives cause errors when bundled, "use client" in "node_modules/@tanstack/react-query/build/modern/useMutation.js" was ignored.
node_modules/@tanstack/react-query/build/modern/useInfiniteQuery.js (1:0): Module level directives cause errors when bundled, "use client" in "node_modules/@tanstack/react-query/build/modern/useInfiniteQuery.js" was ignored.
node_modules/@tanstack/react-query/build/modern/IsRestoringProvider.js (1:0): Module level directives cause errors when bundled, "use client" in "node_modules/@tanstack/react-query/build/modern/IsRestoringProvider.js" was ignored.
node_modules/@tanstack/react-query/build/modern/useSuspenseQueries.js (1:0): Module level directives cause errors when bundled, "use client" in "node_modules/@tanstack/react-query/build/modern/useSuspenseQueries.js" was ignored.
node_modules/@tanstack/react-query/build/modern/useSuspenseQuery.js (1:0): Module level directives cause errors when bundled, "use client" in "node_modules/@tanstack/react-query/build/modern/useSuspenseQuery.js" was ignored.
node_modules/@tanstack/react-query/build/modern/useSuspenseInfiniteQuery.js (1:0): Module level directives cause errors when bundled, "use client" in "node_modules/@tanstack/react-query/build/modern/useSuspenseInfiniteQuery.js" was ignored.
client/src/components/ui/avatar.tsx (1:0): Error when using sourcemap for reporting an error: Can't resolve original location of error.
client/src/components/ui/avatar.tsx (1:0): Module level directives cause errors when bundled, "use client" in "client/src/components/ui/avatar.tsx" was ignored.
client/src/components/ui/dialog.tsx (1:0): Error when using sourcemap for reporting an error: Can't resolve original location of error.
client/src/components/ui/dialog.tsx (1:0): Module level directives cause errors when bundled, "use client" in "client/src/components/ui/dialog.tsx" was ignored.
client/src/components/ui/select.tsx (1:0): Error when using sourcemap for reporting an error: Can't resolve original location of error.
client/src/components/ui/select.tsx (1:0): Module level directives cause errors when bundled, "use client" in "client/src/components/ui/select.tsx" was ignored.
node_modules/@radix-ui/react-tooltip/dist/index.mjs (1:0): Module level directives cause errors when bundled, "use client" in "node_modules/@radix-ui/react-tooltip/dist/index.mjs" was ignored.
node_modules/@tanstack/react-query/build/modern/errorBoundaryUtils.js (1:0): Module level directives cause errors when bundled, "use client" in "node_modules/@tanstack/react-query/build/modern/errorBoundaryUtils.js" was ignored.
node_modules/@tanstack/react-query/build/modern/useBaseQuery.js (1:0): Module level directives cause errors when bundled, "use client" in "node_modules/@tanstack/react-query/build/modern/useBaseQuery.js" was ignored.
node_modules/@radix-ui/react-label/dist/index.mjs (1:0): Module level directives cause errors when bundled, "use client" in "node_modules/@radix-ui/react-label/dist/index.mjs" was ignored.
node_modules/@radix-ui/react-avatar/dist/index.mjs (1:0): Module level directives cause errors when bundled, "use client" in "node_modules/@radix-ui/react-avatar/dist/index.mjs" was ignored.
node_modules/@radix-ui/react-switch/dist/index.mjs (1:0): Module level directives cause errors when bundled, "use client" in "node_modules/@radix-ui/react-switch/dist/index.mjs" was ignored.
node_modules/@radix-ui/react-dialog/dist/index.mjs (1:0): Module level directives cause errors when bundled, "use client" in "node_modules/@radix-ui/react-dialog/dist/index.mjs" was ignored.
node_modules/@radix-ui/react-select/dist/index.mjs (1:0): Module level directives cause errors when bundled, "use client" in "node_modules/@radix-ui/react-select/dist/index.mjs" was ignored.
node_modules/@radix-ui/react-portal/dist/index.mjs (1:0): Module level directives cause errors when bundled, "use client" in "node_modules/@radix-ui/react-portal/dist/index.mjs" was ignored.
node_modules/@radix-ui/react-dismissable-layer/dist/index.mjs (1:0): Module level directives cause errors when bundled, "use client" in "node_modules/@radix-ui/react-dismissable-layer/dist/index.mjs" was ignored.
node_modules/@radix-ui/react-presence/dist/index.mjs (1:0): Module level directives cause errors when bundled, "use client" in "node_modules/@radix-ui/react-presence/dist/index.mjs" was ignored.
node_modules/@radix-ui/react-popper/dist/index.mjs (1:0): Module level directives cause errors when bundled, "use client" in "node_modules/@radix-ui/react-popper/dist/index.mjs" was ignored.
node_modules/@radix-ui/react-toast/dist/index.mjs (1:0): Module level directives cause errors when bundled, "use client" in "node_modules/@radix-ui/react-toast/dist/index.mjs" was ignored.
client/src/components/ui/progress.tsx (1:0): Error when using sourcemap for reporting an error: Can't resolve original location of error.
client/src/components/ui/progress.tsx (1:0): Module level directives cause errors when bundled, "use client" in "client/src/components/ui/progress.tsx" was ignored.
node_modules/@radix-ui/react-focus-guards/dist/index.mjs (1:0): Module level directives cause errors when bundled, "use client" in "node_modules/@radix-ui/react-focus-guards/dist/index.mjs" was ignored.
node_modules/@radix-ui/react-focus-scope/dist/index.mjs (1:0): Module level directives cause errors when bundled, "use client" in "node_modules/@radix-ui/react-focus-scope/dist/index.mjs" was ignored.
node_modules/@radix-ui/react-collection/dist/index.mjs (1:0): Module level directives cause errors when bundled, "use client" in "node_modules/@radix-ui/react-collection/dist/index.mjs" was ignored.
node_modules/@radix-ui/react-radio-group/dist/index.mjs (1:0): Module level directives cause errors when bundled, "use client" in "node_modules/@radix-ui/react-radio-group/dist/index.mjs" was ignored.
node_modules/@radix-ui/react-checkbox/dist/index.mjs (1:0): Module level directives cause errors when bundled, "use client" in "node_modules/@radix-ui/react-checkbox/dist/index.mjs" was ignored.
node_modules/@radix-ui/react-progress/dist/index.mjs (1:0): Module level directives cause errors when bundled, "use client" in "node_modules/@radix-ui/react-progress/dist/index.mjs" was ignored.
node_modules/@radix-ui/react-scroll-area/dist/index.mjs (1:0): Module level directives cause errors when bundled, "use client" in "node_modules/@radix-ui/react-scroll-area/dist/index.mjs" was ignored.
node_modules/@radix-ui/react-dropdown-menu/dist/index.mjs (1:0): Module level directives cause errors when bundled, "use client" in "node_modules/@radix-ui/react-dropdown-menu/dist/index.mjs" was ignored.
node_modules/@radix-ui/react-roving-focus/dist/index.mjs (1:0): Module level directives cause errors when bundled, "use client" in "node_modules/@radix-ui/react-roving-focus/dist/index.mjs" was ignored.
node_modules/@radix-ui/react-menu/dist/index.mjs (1:0): Module level directives cause errors when bundled, "use client" in "node_modules/@radix-ui/react-menu/dist/index.mjs" was ignored.
âœ“ 3782 modules transformed.
rendering chunks...
computing gzip size...
../dist/public/index.html                                             1.35 kB â”‚ gzip:   0.63 kB
../dist/public/assets/logo-braga-work_1765492800121-eaCejSGU.jpg      4.71 kB
../dist/public/assets/index-COBHKQP2.css                             10.92 kB â”‚ gzip:   2.30 kB
../dist/public/assets/purify.es-B9ZVCkUG.js                          22.64 kB â”‚ gzip:   8.75 kB
../dist/public/assets/index.es-BOcipD9Q.js                          150.44 kB â”‚ gzip:  51.42 kB
../dist/public/assets/html2canvas.esm-CBrSDip1.js                   201.42 kB â”‚ gzip:  48.03 kB
../dist/public/assets/index-D_-uJey-.js                           1,409.59 kB â”‚ gzip: 414.84 kB
(!) Some chunks are larger than 500 kB after minification. Consider:
- Using dynamic import() to code-split the application
- Use build.rollupOptions.output.manualChunks to improve chunking: https://rollupjs.org/configuration-options/#output-manualchunks
- Adjust chunk size limit for this warning via build.chunkSizeWarningLimit.
âœ“ built in 7.49s
building server...
âœ˜ [ERROR] Could not resolve "@shared/schema"
    server/routes.ts:8:100:
      8 â”‚ ...nsertReviewSchema, insertPaymentCodeSchema } from "@shared/schema";
        â•µ                                                      ~~~~~~~~~~~~~~~~
  You can mark the path "@shared/schema" as external to exclude it from the bundle, which will remove this error and leave the unresolved path in the bundle.
âœ˜ [ERROR] Could not resolve "@shared/schema"
    server/storage.ts:14:7:
      14 â”‚ } from "@shared/schema";
         â•µ        ~~~~~~~~~~~~~~~~
  You can mark the path "@shared/schema" as external to exclude it from the bundle, which will remove this error and leave the unresolved path in the bundle.
âœ˜ [ERROR] Could not resolve "@shared/schema"
    server/db.ts:3:24:
      3 â”‚ import * as schema from "@shared/schema";
        â•µ                         ~~~~~~~~~~~~~~~~
  You can mark the path "@shared/schema" as external to exclude it from the bundle, which will remove this error and leave the unresolved path in the bundle.
3 errors
Error: Build failed with 3 errors:
server/db.ts:3:24: ERROR: Could not resolve "@shared/schema"
server/routes.ts:8:100: ERROR: Could not resolve "@shared/schema"
server/storage.ts:14:7: ERROR: Could not resolve "@shared/schema"
    at failureErrorWithLog (/opt/render/project/src/node_modules/esbuild/lib/main.js:1467:15)
    at /opt/render/project/src/node_modules/esbuild/lib/main.js:926:25
    at /opt/render/project/src/node_modules/esbuild/lib/main.js:878:52
    at buildResponseToResult (/opt/render/project/src/node_modules/esbuild/lib/main.js:924:7)
    at /opt/render/project/src/node_modules/esbuild/lib/main.js:951:16
    at responseCallbacks.<computed> (/opt/render/project/src/node_modules/esbuild/lib/main.js:603:9)
    at handleIncomingPacket (/opt/render/project/src/node_modules/esbuild/lib/main.js:658:12)
    at Socket.readFromStdout (/opt/render/project/src/node_modules/esbuild/lib/main.js:581:7)
    at Socket.emit (node:events:518:28)
    at addChunk (node:internal/streams/readable:561:12) {
  errors: [Getter/Setter],
  warnings: [Getter/Setter]
}
==> Build failed ðŸ˜ž